c:\users\afeka\desktop\dungeon\first\first\debug\vc140.pdb
c:\users\afeka\desktop\dungeon\first\first\debug\vc140.idb
c:\users\afeka\desktop\dungeon\first\first\debug\comparenodes.obj
c:\users\afeka\desktop\dungeon\first\first\debug\node.obj
c:\users\afeka\desktop\dungeon\first\first\debug\point2d.obj
c:\users\afeka\desktop\dungeon\first\first\debug\room.obj
c:\users\afeka\desktop\dungeon\first\first\debug\main.obj
c:\users\afeka\desktop\dungeon\first\debug\first.ilk
c:\users\afeka\desktop\dungeon\first\debug\first.exe
c:\users\afeka\desktop\dungeon\first\debug\first.pdb
c:\users\afeka\desktop\tunnels\first\first\debug\comparenodes.obj
c:\users\afeka\desktop\tunnels\first\first\debug\main.obj
c:\users\afeka\desktop\tunnels\first\first\debug\node.obj
c:\users\afeka\desktop\tunnels\first\first\debug\point2d.obj
c:\users\afeka\desktop\tunnels\first\first\debug\room.obj
c:\users\afeka\desktop\tunnels\first\first\debug\vc140.idb
c:\users\afeka\desktop\tunnels\first\first\debug\vc140.pdb
c:\users\afeka\desktop\tunnels\first\debug\first.pdb
c:\users\afeka\desktop\tunnels\first\debug\first.ilk
c:\users\afeka\desktop\tunnels\first\first\debug\first.tlog\cl.command.1.tlog
c:\users\afeka\desktop\tunnels\first\first\debug\first.tlog\cl.read.1.tlog
c:\users\afeka\desktop\tunnels\first\first\debug\first.tlog\cl.write.1.tlog
c:\users\afeka\desktop\tunnels\first\first\debug\first.tlog\link.command.1.tlog
c:\users\afeka\desktop\tunnels\first\first\debug\first.tlog\link.read.1.tlog
c:\users\afeka\desktop\tunnels\first\first\debug\first.tlog\link.write.1.tlog
